[2021-12-21 13:49:31,151] {taskinstance.py:1035} INFO - Dependencies all met for <TaskInstance: example_bash_operator.runme_1 manual__2021-12-21T13:49:28.896832+00:00 [queued]>
[2021-12-21 13:49:31,164] {taskinstance.py:1035} INFO - Dependencies all met for <TaskInstance: example_bash_operator.runme_1 manual__2021-12-21T13:49:28.896832+00:00 [queued]>
[2021-12-21 13:49:31,164] {taskinstance.py:1241} INFO - 
--------------------------------------------------------------------------------
[2021-12-21 13:49:31,164] {taskinstance.py:1242} INFO - Starting attempt 1 of 1
[2021-12-21 13:49:31,165] {taskinstance.py:1243} INFO - 
--------------------------------------------------------------------------------
[2021-12-21 13:49:31,192] {taskinstance.py:1262} INFO - Executing <Task(BashOperator): runme_1> on 2021-12-21 13:49:28.896832+00:00
[2021-12-21 13:49:31,200] {standard_task_runner.py:52} INFO - Started process 308 to run task
[2021-12-21 13:49:31,205] {standard_task_runner.py:76} INFO - Running: ['***', 'tasks', 'run', 'example_bash_operator', 'runme_1', 'manual__2021-12-21T13:49:28.896832+00:00', '--job-id', '10', '--raw', '--subdir', '/home/***/.local/lib/python3.7/site-packages/***/example_dags/example_bash_operator.py', '--cfg-path', '/tmp/tmp31zwtc14', '--error-file', '/tmp/tmpm_znho67']
[2021-12-21 13:49:31,206] {standard_task_runner.py:77} INFO - Job 10: Subtask runme_1
[2021-12-21 13:49:31,281] {logging_mixin.py:109} INFO - Running <TaskInstance: example_bash_operator.runme_1 manual__2021-12-21T13:49:28.896832+00:00 [running]> on host 371b38751bd1
[2021-12-21 13:49:31,412] {taskinstance.py:1429} INFO - Exporting the following env vars:
AIRFLOW_CTX_DAG_OWNER=***
AIRFLOW_CTX_DAG_ID=example_bash_operator
AIRFLOW_CTX_TASK_ID=runme_1
AIRFLOW_CTX_EXECUTION_DATE=2021-12-21T13:49:28.896832+00:00
AIRFLOW_CTX_DAG_RUN_ID=manual__2021-12-21T13:49:28.896832+00:00
[2021-12-21 13:49:31,415] {subprocess.py:62} INFO - Tmp dir root location: 
 /tmp
[2021-12-21 13:49:31,415] {subprocess.py:74} INFO - Running command: ['bash', '-c', 'echo "example_bash_operator__runme_1__20211221" && sleep 1']
[2021-12-21 13:49:31,433] {subprocess.py:85} INFO - Output:
[2021-12-21 13:49:31,437] {subprocess.py:89} INFO - example_bash_operator__runme_1__20211221
[2021-12-21 13:49:32,439] {subprocess.py:93} INFO - Command exited with return code 0
[2021-12-21 13:49:32,462] {taskinstance.py:1280} INFO - Marking task as SUCCESS. dag_id=example_bash_operator, task_id=runme_1, execution_date=20211221T134928, start_date=20211221T134931, end_date=20211221T134932
[2021-12-21 13:49:32,507] {local_task_job.py:154} INFO - Task exited with return code 0
[2021-12-21 13:49:32,536] {local_task_job.py:264} INFO - 1 downstream tasks scheduled from follow-on schedule check
