[2022-01-09 14:10:01,350] {taskinstance.py:1035} INFO - Dependencies all met for <TaskInstance: verificacao_log.verificacao_log scheduled__2022-01-09T14:00:00+00:00 [queued]>
[2022-01-09 14:10:01,358] {taskinstance.py:1035} INFO - Dependencies all met for <TaskInstance: verificacao_log.verificacao_log scheduled__2022-01-09T14:00:00+00:00 [queued]>
[2022-01-09 14:10:01,358] {taskinstance.py:1241} INFO - 
--------------------------------------------------------------------------------
[2022-01-09 14:10:01,358] {taskinstance.py:1242} INFO - Starting attempt 1 of 1
[2022-01-09 14:10:01,358] {taskinstance.py:1243} INFO - 
--------------------------------------------------------------------------------
[2022-01-09 14:10:01,366] {taskinstance.py:1262} INFO - Executing <Task(PythonOperator): verificacao_log> on 2022-01-09 14:00:00+00:00
[2022-01-09 14:10:01,370] {standard_task_runner.py:52} INFO - Started process 119722 to run task
[2022-01-09 14:10:01,372] {standard_task_runner.py:76} INFO - Running: ['***', 'tasks', 'run', 'verificacao_log', 'verificacao_log', 'scheduled__2022-01-09T14:00:00+00:00', '--job-id', '502', '--raw', '--subdir', 'DAGS_FOLDER/my_dag.py', '--cfg-path', '/tmp/tmpbn5gcpwz', '--error-file', '/tmp/tmpciqhuwix']
[2022-01-09 14:10:01,372] {standard_task_runner.py:77} INFO - Job 502: Subtask verificacao_log
[2022-01-09 14:10:01,398] {logging_mixin.py:109} INFO - Running <TaskInstance: verificacao_log.verificacao_log scheduled__2022-01-09T14:00:00+00:00 [running]> on host fa901b562f08
[2022-01-09 14:10:01,431] {taskinstance.py:1429} INFO - Exporting the following env vars:
AIRFLOW_CTX_DAG_OWNER=***
AIRFLOW_CTX_DAG_ID=verificacao_log
AIRFLOW_CTX_TASK_ID=verificacao_log
AIRFLOW_CTX_EXECUTION_DATE=2022-01-09T14:00:00+00:00
AIRFLOW_CTX_DAG_RUN_ID=scheduled__2022-01-09T14:00:00+00:00
[2022-01-09 14:10:02,058] {logging_mixin.py:109} INFO - Data atual:  2022-01-09 14:10:02.058848
[2022-01-09 14:10:02,059] {logging_mixin.py:109} INFO - Dia do ultimo log:  2021/12/10 17:10:14
[2022-01-09 14:10:02,059] {logging_mixin.py:109} INFO - Tempo entre o ultimo log e a data atual:  29 days, 20:59:48.058837
[2022-01-09 14:10:02,059] {logging_mixin.py:109} INFO - INFO   | jvm 4    | 2021/12/10 17:10:14 | [RSFILEMANAGERSERVER] Finalizando importacao lote: DadosSite_03105116_49301_2021121416h55min05seg.zip.rscd. Tempo gasto (ms): 15944
[2022-01-09 14:10:02,059] {logging_mixin.py:109} INFO - 
[2022-01-09 14:10:02,059] {my_dag.py:60} ERROR - tempo entre ultimo log e data atual maior que 10 minutos.
[2022-01-09 14:10:02,059] {python.py:152} INFO - Done. Returned value was: None
[2022-01-09 14:10:02,070] {taskinstance.py:1280} INFO - Marking task as SUCCESS. dag_id=verificacao_log, task_id=verificacao_log, execution_date=20220109T140000, start_date=20220109T141001, end_date=20220109T141002
[2022-01-09 14:10:02,106] {local_task_job.py:154} INFO - Task exited with return code 0
[2022-01-09 14:10:02,132] {local_task_job.py:264} INFO - 0 downstream tasks scheduled from follow-on schedule check
