[2022-01-07 18:37:32,077] {taskinstance.py:1035} INFO - Dependencies all met for <TaskInstance: verificacao_log.verificacao_log scheduled__2022-01-07T18:00:00+00:00 [queued]>
[2022-01-07 18:37:32,091] {taskinstance.py:1035} INFO - Dependencies all met for <TaskInstance: verificacao_log.verificacao_log scheduled__2022-01-07T18:00:00+00:00 [queued]>
[2022-01-07 18:37:32,091] {taskinstance.py:1241} INFO - 
--------------------------------------------------------------------------------
[2022-01-07 18:37:32,091] {taskinstance.py:1242} INFO - Starting attempt 1 of 1
[2022-01-07 18:37:32,091] {taskinstance.py:1243} INFO - 
--------------------------------------------------------------------------------
[2022-01-07 18:37:32,113] {taskinstance.py:1262} INFO - Executing <Task(PythonOperator): verificacao_log> on 2022-01-07 18:00:00+00:00
[2022-01-07 18:37:32,117] {standard_task_runner.py:52} INFO - Started process 966 to run task
[2022-01-07 18:37:32,121] {standard_task_runner.py:76} INFO - Running: ['***', 'tasks', 'run', 'verificacao_log', 'verificacao_log', 'scheduled__2022-01-07T18:00:00+00:00', '--job-id', '237', '--raw', '--subdir', 'DAGS_FOLDER/my_dag.py', '--cfg-path', '/tmp/tmpc89al5gy', '--error-file', '/tmp/tmpv_zfyx2c']
[2022-01-07 18:37:32,122] {standard_task_runner.py:77} INFO - Job 237: Subtask verificacao_log
[2022-01-07 18:37:32,171] {logging_mixin.py:109} INFO - Running <TaskInstance: verificacao_log.verificacao_log scheduled__2022-01-07T18:00:00+00:00 [running]> on host fa901b562f08
[2022-01-07 18:37:32,234] {taskinstance.py:1429} INFO - Exporting the following env vars:
AIRFLOW_CTX_DAG_OWNER=***
AIRFLOW_CTX_DAG_ID=verificacao_log
AIRFLOW_CTX_TASK_ID=verificacao_log
AIRFLOW_CTX_EXECUTION_DATE=2022-01-07T18:00:00+00:00
AIRFLOW_CTX_DAG_RUN_ID=scheduled__2022-01-07T18:00:00+00:00
[2022-01-07 18:37:34,303] {logging_mixin.py:109} INFO - Data atual:  2022-01-07 18:37:34.303510
[2022-01-07 18:37:34,303] {logging_mixin.py:109} INFO - Dia do ultimo log:  2021/12/10 17:10:14
[2022-01-07 18:37:34,303] {logging_mixin.py:109} INFO - Tempo entre o ultimo log e a data atual:  28 days, 1:27:20.303497
[2022-01-07 18:37:34,303] {logging_mixin.py:109} INFO - INFO   | jvm 4    | 2021/12/10 17:10:14 | [RSFILEMANAGERSERVER] Finalizando importacao lote: DadosSite_03105116_49301_2021121416h55min05seg.zip.rscd. Tempo gasto (ms): 15944
[2022-01-07 18:37:34,303] {logging_mixin.py:109} INFO - 
[2022-01-07 18:37:34,304] {logging_mixin.py:109} INFO - 
[2022-01-07 18:37:34,304] {logging_mixin.py:109} INFO - 
[2022-01-07 18:37:34,304] {logging_mixin.py:109} INFO - Erro, tempo entre ultimo log e data atual maior que:  0:10:00
[2022-01-07 18:37:34,304] {python.py:152} INFO - Done. Returned value was: None
[2022-01-07 18:37:34,368] {taskinstance.py:1280} INFO - Marking task as SUCCESS. dag_id=verificacao_log, task_id=verificacao_log, execution_date=20220107T180000, start_date=20220107T183732, end_date=20220107T183734
[2022-01-07 18:37:34,426] {local_task_job.py:154} INFO - Task exited with return code 0
[2022-01-07 18:37:34,462] {local_task_job.py:264} INFO - 0 downstream tasks scheduled from follow-on schedule check
