[2021-12-21 13:49:31,144] {taskinstance.py:1035} INFO - Dependencies all met for <TaskInstance: example_bash_operator.runme_0 scheduled__2021-12-20T00:00:00+00:00 [queued]>
[2021-12-21 13:49:31,161] {taskinstance.py:1035} INFO - Dependencies all met for <TaskInstance: example_bash_operator.runme_0 scheduled__2021-12-20T00:00:00+00:00 [queued]>
[2021-12-21 13:49:31,161] {taskinstance.py:1241} INFO - 
--------------------------------------------------------------------------------
[2021-12-21 13:49:31,161] {taskinstance.py:1242} INFO - Starting attempt 1 of 1
[2021-12-21 13:49:31,161] {taskinstance.py:1243} INFO - 
--------------------------------------------------------------------------------
[2021-12-21 13:49:31,177] {taskinstance.py:1262} INFO - Executing <Task(BashOperator): runme_0> on 2021-12-20 00:00:00+00:00
[2021-12-21 13:49:31,182] {standard_task_runner.py:52} INFO - Started process 307 to run task
[2021-12-21 13:49:31,186] {standard_task_runner.py:76} INFO - Running: ['***', 'tasks', 'run', 'example_bash_operator', 'runme_0', 'scheduled__2021-12-20T00:00:00+00:00', '--job-id', '11', '--raw', '--subdir', '/home/***/.local/lib/python3.7/site-packages/***/example_dags/example_bash_operator.py', '--cfg-path', '/tmp/tmp962latkt', '--error-file', '/tmp/tmpji_m6o4y']
[2021-12-21 13:49:31,186] {standard_task_runner.py:77} INFO - Job 11: Subtask runme_0
[2021-12-21 13:49:31,245] {logging_mixin.py:109} INFO - Running <TaskInstance: example_bash_operator.runme_0 scheduled__2021-12-20T00:00:00+00:00 [running]> on host 371b38751bd1
[2021-12-21 13:49:31,357] {taskinstance.py:1429} INFO - Exporting the following env vars:
AIRFLOW_CTX_DAG_OWNER=***
AIRFLOW_CTX_DAG_ID=example_bash_operator
AIRFLOW_CTX_TASK_ID=runme_0
AIRFLOW_CTX_EXECUTION_DATE=2021-12-20T00:00:00+00:00
AIRFLOW_CTX_DAG_RUN_ID=scheduled__2021-12-20T00:00:00+00:00
[2021-12-21 13:49:31,358] {subprocess.py:62} INFO - Tmp dir root location: 
 /tmp
[2021-12-21 13:49:31,359] {subprocess.py:74} INFO - Running command: ['bash', '-c', 'echo "example_bash_operator__runme_0__20211220" && sleep 1']
[2021-12-21 13:49:31,373] {subprocess.py:85} INFO - Output:
[2021-12-21 13:49:31,375] {subprocess.py:89} INFO - example_bash_operator__runme_0__20211220
[2021-12-21 13:49:32,378] {subprocess.py:93} INFO - Command exited with return code 0
[2021-12-21 13:49:32,397] {taskinstance.py:1280} INFO - Marking task as SUCCESS. dag_id=example_bash_operator, task_id=runme_0, execution_date=20211220T000000, start_date=20211221T134931, end_date=20211221T134932
[2021-12-21 13:49:32,447] {local_task_job.py:154} INFO - Task exited with return code 0
[2021-12-21 13:49:32,481] {local_task_job.py:264} INFO - 1 downstream tasks scheduled from follow-on schedule check
