[2022-01-10 21:00:00,868] {taskinstance.py:1035} INFO - Dependencies all met for <TaskInstance: verificacao_log.verificacao_log scheduled__2022-01-10T20:50:00+00:00 [queued]>
[2022-01-10 21:00:00,876] {taskinstance.py:1035} INFO - Dependencies all met for <TaskInstance: verificacao_log.verificacao_log scheduled__2022-01-10T20:50:00+00:00 [queued]>
[2022-01-10 21:00:00,876] {taskinstance.py:1241} INFO - 
--------------------------------------------------------------------------------
[2022-01-10 21:00:00,876] {taskinstance.py:1242} INFO - Starting attempt 1 of 1
[2022-01-10 21:00:00,876] {taskinstance.py:1243} INFO - 
--------------------------------------------------------------------------------
[2022-01-10 21:00:00,885] {taskinstance.py:1262} INFO - Executing <Task(PythonOperator): verificacao_log> on 2022-01-10 20:50:00+00:00
[2022-01-10 21:00:00,888] {standard_task_runner.py:52} INFO - Started process 203800 to run task
[2022-01-10 21:00:00,891] {standard_task_runner.py:76} INFO - Running: ['***', 'tasks', 'run', 'verificacao_log', 'verificacao_log', 'scheduled__2022-01-10T20:50:00+00:00', '--job-id', '686', '--raw', '--subdir', 'DAGS_FOLDER/my_dag.py', '--cfg-path', '/tmp/tmpk8g0uy7q', '--error-file', '/tmp/tmpxp2s6ozn']
[2022-01-10 21:00:00,891] {standard_task_runner.py:77} INFO - Job 686: Subtask verificacao_log
[2022-01-10 21:00:00,969] {logging_mixin.py:109} INFO - Running <TaskInstance: verificacao_log.verificacao_log scheduled__2022-01-10T20:50:00+00:00 [running]> on host fa901b562f08
[2022-01-10 21:00:01,007] {taskinstance.py:1429} INFO - Exporting the following env vars:
AIRFLOW_CTX_DAG_OWNER=***
AIRFLOW_CTX_DAG_ID=verificacao_log
AIRFLOW_CTX_TASK_ID=verificacao_log
AIRFLOW_CTX_EXECUTION_DATE=2022-01-10T20:50:00+00:00
AIRFLOW_CTX_DAG_RUN_ID=scheduled__2022-01-10T20:50:00+00:00
[2022-01-10 21:00:01,231] {logging_mixin.py:109} INFO - Data atual:  2022-01-10 21:00:01.231923
[2022-01-10 21:00:01,232] {logging_mixin.py:109} INFO - Dia do ultimo log:  2021/12/10 17:10:14
[2022-01-10 21:00:01,232] {logging_mixin.py:109} INFO - Tempo entre o ultimo log e a data atual:  31 days, 3:49:47.231911
[2022-01-10 21:00:01,232] {logging_mixin.py:109} INFO - INFO   | jvm 4    | 2021/12/10 17:10:14 | [RSFILEMANAGERSERVER] Finalizando importacao lote: DadosSite_03105116_49301_2021121416h55min05seg.zip.rscd. Tempo gasto (ms): 15944
[2022-01-10 21:00:01,232] {logging_mixin.py:109} INFO - 
[2022-01-10 21:00:01,232] {my_dag.py:60} ERROR - tempo entre ultimo log e data atual maior que 10 minutos.
[2022-01-10 21:00:01,232] {python.py:152} INFO - Done. Returned value was: None
[2022-01-10 21:00:01,241] {taskinstance.py:1280} INFO - Marking task as SUCCESS. dag_id=verificacao_log, task_id=verificacao_log, execution_date=20220110T205000, start_date=20220110T210000, end_date=20220110T210001
[2022-01-10 21:00:01,263] {local_task_job.py:154} INFO - Task exited with return code 0
[2022-01-10 21:00:01,287] {local_task_job.py:264} INFO - 0 downstream tasks scheduled from follow-on schedule check
