[2022-01-10 06:40:01,154] {taskinstance.py:1035} INFO - Dependencies all met for <TaskInstance: verificacao_log.verificacao_log scheduled__2022-01-10T06:30:00+00:00 [queued]>
[2022-01-10 06:40:01,161] {taskinstance.py:1035} INFO - Dependencies all met for <TaskInstance: verificacao_log.verificacao_log scheduled__2022-01-10T06:30:00+00:00 [queued]>
[2022-01-10 06:40:01,161] {taskinstance.py:1241} INFO - 
--------------------------------------------------------------------------------
[2022-01-10 06:40:01,161] {taskinstance.py:1242} INFO - Starting attempt 1 of 1
[2022-01-10 06:40:01,161] {taskinstance.py:1243} INFO - 
--------------------------------------------------------------------------------
[2022-01-10 06:40:01,169] {taskinstance.py:1262} INFO - Executing <Task(PythonOperator): verificacao_log> on 2022-01-10 06:30:00+00:00
[2022-01-10 06:40:01,172] {standard_task_runner.py:52} INFO - Started process 164717 to run task
[2022-01-10 06:40:01,174] {standard_task_runner.py:76} INFO - Running: ['***', 'tasks', 'run', 'verificacao_log', 'verificacao_log', 'scheduled__2022-01-10T06:30:00+00:00', '--job-id', '600', '--raw', '--subdir', 'DAGS_FOLDER/my_dag.py', '--cfg-path', '/tmp/tmpvx5rl6qv', '--error-file', '/tmp/tmpt_ptarkm']
[2022-01-10 06:40:01,174] {standard_task_runner.py:77} INFO - Job 600: Subtask verificacao_log
[2022-01-10 06:40:01,201] {logging_mixin.py:109} INFO - Running <TaskInstance: verificacao_log.verificacao_log scheduled__2022-01-10T06:30:00+00:00 [running]> on host fa901b562f08
[2022-01-10 06:40:01,234] {taskinstance.py:1429} INFO - Exporting the following env vars:
AIRFLOW_CTX_DAG_OWNER=***
AIRFLOW_CTX_DAG_ID=verificacao_log
AIRFLOW_CTX_TASK_ID=verificacao_log
AIRFLOW_CTX_EXECUTION_DATE=2022-01-10T06:30:00+00:00
AIRFLOW_CTX_DAG_RUN_ID=scheduled__2022-01-10T06:30:00+00:00
[2022-01-10 06:40:04,292] {logging_mixin.py:109} INFO - Data atual:  2022-01-10 06:40:04.292831
[2022-01-10 06:40:04,292] {logging_mixin.py:109} INFO - Dia do ultimo log:  2021/12/10 17:10:14
[2022-01-10 06:40:04,293] {logging_mixin.py:109} INFO - Tempo entre o ultimo log e a data atual:  30 days, 13:29:50.292821
[2022-01-10 06:40:04,293] {logging_mixin.py:109} INFO - INFO   | jvm 4    | 2021/12/10 17:10:14 | [RSFILEMANAGERSERVER] Finalizando importacao lote: DadosSite_03105116_49301_2021121416h55min05seg.zip.rscd. Tempo gasto (ms): 15944
[2022-01-10 06:40:04,293] {logging_mixin.py:109} INFO - 
[2022-01-10 06:40:04,293] {my_dag.py:60} ERROR - tempo entre ultimo log e data atual maior que 10 minutos.
[2022-01-10 06:40:04,293] {python.py:152} INFO - Done. Returned value was: None
[2022-01-10 06:40:04,302] {taskinstance.py:1280} INFO - Marking task as SUCCESS. dag_id=verificacao_log, task_id=verificacao_log, execution_date=20220110T063000, start_date=20220110T064001, end_date=20220110T064004
[2022-01-10 06:40:04,318] {local_task_job.py:154} INFO - Task exited with return code 0
[2022-01-10 06:40:04,344] {local_task_job.py:264} INFO - 0 downstream tasks scheduled from follow-on schedule check
