[2022-01-09 20:50:01,688] {taskinstance.py:1035} INFO - Dependencies all met for <TaskInstance: verificacao_log.verificacao_log scheduled__2022-01-09T20:40:00+00:00 [queued]>
[2022-01-09 20:50:01,695] {taskinstance.py:1035} INFO - Dependencies all met for <TaskInstance: verificacao_log.verificacao_log scheduled__2022-01-09T20:40:00+00:00 [queued]>
[2022-01-09 20:50:01,695] {taskinstance.py:1241} INFO - 
--------------------------------------------------------------------------------
[2022-01-09 20:50:01,695] {taskinstance.py:1242} INFO - Starting attempt 1 of 1
[2022-01-09 20:50:01,695] {taskinstance.py:1243} INFO - 
--------------------------------------------------------------------------------
[2022-01-09 20:50:01,704] {taskinstance.py:1262} INFO - Executing <Task(PythonOperator): verificacao_log> on 2022-01-09 20:40:00+00:00
[2022-01-09 20:50:01,707] {standard_task_runner.py:52} INFO - Started process 137887 to run task
[2022-01-09 20:50:01,709] {standard_task_runner.py:76} INFO - Running: ['***', 'tasks', 'run', 'verificacao_log', 'verificacao_log', 'scheduled__2022-01-09T20:40:00+00:00', '--job-id', '542', '--raw', '--subdir', 'DAGS_FOLDER/my_dag.py', '--cfg-path', '/tmp/tmpd_a1sbjo', '--error-file', '/tmp/tmprips0q2q']
[2022-01-09 20:50:01,709] {standard_task_runner.py:77} INFO - Job 542: Subtask verificacao_log
[2022-01-09 20:50:01,736] {logging_mixin.py:109} INFO - Running <TaskInstance: verificacao_log.verificacao_log scheduled__2022-01-09T20:40:00+00:00 [running]> on host fa901b562f08
[2022-01-09 20:50:01,770] {taskinstance.py:1429} INFO - Exporting the following env vars:
AIRFLOW_CTX_DAG_OWNER=***
AIRFLOW_CTX_DAG_ID=verificacao_log
AIRFLOW_CTX_TASK_ID=verificacao_log
AIRFLOW_CTX_EXECUTION_DATE=2022-01-09T20:40:00+00:00
AIRFLOW_CTX_DAG_RUN_ID=scheduled__2022-01-09T20:40:00+00:00
[2022-01-09 20:50:01,901] {logging_mixin.py:109} INFO - Data atual:  2022-01-09 20:50:01.901209
[2022-01-09 20:50:01,901] {logging_mixin.py:109} INFO - Dia do ultimo log:  2021/12/10 17:10:14
[2022-01-09 20:50:01,901] {logging_mixin.py:109} INFO - Tempo entre o ultimo log e a data atual:  30 days, 3:39:47.901197
[2022-01-09 20:50:01,901] {logging_mixin.py:109} INFO - INFO   | jvm 4    | 2021/12/10 17:10:14 | [RSFILEMANAGERSERVER] Finalizando importacao lote: DadosSite_03105116_49301_2021121416h55min05seg.zip.rscd. Tempo gasto (ms): 15944
[2022-01-09 20:50:01,901] {logging_mixin.py:109} INFO - 
[2022-01-09 20:50:01,901] {my_dag.py:60} ERROR - tempo entre ultimo log e data atual maior que 10 minutos.
[2022-01-09 20:50:01,901] {python.py:152} INFO - Done. Returned value was: None
[2022-01-09 20:50:01,910] {taskinstance.py:1280} INFO - Marking task as SUCCESS. dag_id=verificacao_log, task_id=verificacao_log, execution_date=20220109T204000, start_date=20220109T205001, end_date=20220109T205001
[2022-01-09 20:50:01,961] {local_task_job.py:154} INFO - Task exited with return code 0
[2022-01-09 20:50:02,009] {local_task_job.py:264} INFO - 0 downstream tasks scheduled from follow-on schedule check
