[2022-01-11 20:44:30,062] {taskinstance.py:1035} INFO - Dependencies all met for <TaskInstance: verificacao_log.execute_dag manual__2022-01-11T20:44:27.969816+00:00 [queued]>
[2022-01-11 20:44:30,069] {taskinstance.py:1035} INFO - Dependencies all met for <TaskInstance: verificacao_log.execute_dag manual__2022-01-11T20:44:27.969816+00:00 [queued]>
[2022-01-11 20:44:30,070] {taskinstance.py:1241} INFO - 
--------------------------------------------------------------------------------
[2022-01-11 20:44:30,070] {taskinstance.py:1242} INFO - Starting attempt 1 of 1
[2022-01-11 20:44:30,070] {taskinstance.py:1243} INFO - 
--------------------------------------------------------------------------------
[2022-01-11 20:44:30,079] {taskinstance.py:1262} INFO - Executing <Task(PythonOperator): execute_dag> on 2022-01-11 20:44:27.969816+00:00
[2022-01-11 20:44:30,083] {standard_task_runner.py:52} INFO - Started process 8003 to run task
[2022-01-11 20:44:30,085] {standard_task_runner.py:76} INFO - Running: ['***', 'tasks', 'run', 'verificacao_log', 'execute_dag', 'manual__2022-01-11T20:44:27.969816+00:00', '--job-id', '858', '--raw', '--subdir', 'DAGS_FOLDER/my_dag.py', '--cfg-path', '/tmp/tmpa1henvz6', '--error-file', '/tmp/tmpl46chdav']
[2022-01-11 20:44:30,085] {standard_task_runner.py:77} INFO - Job 858: Subtask execute_dag
[2022-01-11 20:44:30,113] {logging_mixin.py:109} INFO - Running <TaskInstance: verificacao_log.execute_dag manual__2022-01-11T20:44:27.969816+00:00 [running]> on host e382db28423e
[2022-01-11 20:44:30,147] {taskinstance.py:1429} INFO - Exporting the following env vars:
AIRFLOW_CTX_DAG_EMAIL=iagosilva@mobitbrasil.com.br
AIRFLOW_CTX_DAG_OWNER=***
AIRFLOW_CTX_DAG_ID=verificacao_log
AIRFLOW_CTX_TASK_ID=execute_dag
AIRFLOW_CTX_EXECUTION_DATE=2022-01-11T20:44:27.969816+00:00
AIRFLOW_CTX_DAG_RUN_ID=manual__2022-01-11T20:44:27.969816+00:00
[2022-01-11 20:44:30,356] {logging_mixin.py:109} INFO - Data atual:  2022-01-11 20:44:30.356946
[2022-01-11 20:44:30,357] {logging_mixin.py:109} INFO - Dia do ultimo log:  2021/12/10 17:10:14
[2022-01-11 20:44:30,357] {logging_mixin.py:109} INFO - Tempo entre o ultimo log e a data atual:  32 days, 3:34:16.356937
[2022-01-11 20:44:30,357] {logging_mixin.py:109} INFO - INFO   | jvm 4    | 2021/12/10 17:10:14 | [RSFILEMANAGERSERVER] Finalizando importacao lote: DadosSite_03105116_49301_2021121416h55min05seg.zip.rscd. Tempo gasto (ms): 15944
[2022-01-11 20:44:30,357] {logging_mixin.py:109} INFO - 
[2022-01-11 20:44:30,357] {my_dag.py:87} ERROR - tempo entre ultimo log e data atual maior que 10 minutos.
[2022-01-11 20:44:31,886] {python.py:152} INFO - Done. Returned value was: None
[2022-01-11 20:44:31,895] {taskinstance.py:1280} INFO - Marking task as SUCCESS. dag_id=verificacao_log, task_id=execute_dag, execution_date=20220111T204427, start_date=20220111T204430, end_date=20220111T204431
[2022-01-11 20:44:31,941] {local_task_job.py:154} INFO - Task exited with return code 0
[2022-01-11 20:44:31,965] {local_task_job.py:264} INFO - 0 downstream tasks scheduled from follow-on schedule check
