[2022-01-11 17:22:00,242] {taskinstance.py:1035} INFO - Dependencies all met for <TaskInstance: verificacao_log.execute_dag scheduled__2022-01-11T17:10:00+00:00 [queued]>
[2022-01-11 17:22:00,249] {taskinstance.py:1035} INFO - Dependencies all met for <TaskInstance: verificacao_log.execute_dag scheduled__2022-01-11T17:10:00+00:00 [queued]>
[2022-01-11 17:22:00,249] {taskinstance.py:1241} INFO - 
--------------------------------------------------------------------------------
[2022-01-11 17:22:00,249] {taskinstance.py:1242} INFO - Starting attempt 1 of 1
[2022-01-11 17:22:00,249] {taskinstance.py:1243} INFO - 
--------------------------------------------------------------------------------
[2022-01-11 17:22:00,257] {taskinstance.py:1262} INFO - Executing <Task(PythonOperator): execute_dag> on 2022-01-11 17:10:00+00:00
[2022-01-11 17:22:00,260] {standard_task_runner.py:52} INFO - Started process 7189 to run task
[2022-01-11 17:22:00,262] {standard_task_runner.py:76} INFO - Running: ['***', 'tasks', 'run', 'verificacao_log', 'execute_dag', 'scheduled__2022-01-11T17:10:00+00:00', '--job-id', '822', '--raw', '--subdir', 'DAGS_FOLDER/my_dag.py', '--cfg-path', '/tmp/tmpklo9jfxe', '--error-file', '/tmp/tmpg7057qib']
[2022-01-11 17:22:00,263] {standard_task_runner.py:77} INFO - Job 822: Subtask execute_dag
[2022-01-11 17:22:00,289] {logging_mixin.py:109} INFO - Running <TaskInstance: verificacao_log.execute_dag scheduled__2022-01-11T17:10:00+00:00 [running]> on host e382db28423e
[2022-01-11 17:22:00,321] {taskinstance.py:1429} INFO - Exporting the following env vars:
AIRFLOW_CTX_DAG_OWNER=***
AIRFLOW_CTX_DAG_ID=verificacao_log
AIRFLOW_CTX_TASK_ID=execute_dag
AIRFLOW_CTX_EXECUTION_DATE=2022-01-11T17:10:00+00:00
AIRFLOW_CTX_DAG_RUN_ID=scheduled__2022-01-11T17:10:00+00:00
[2022-01-11 17:22:00,433] {logging_mixin.py:109} INFO - Data atual:  2022-01-11 17:22:00.433944
[2022-01-11 17:22:00,434] {logging_mixin.py:109} INFO - Dia do ultimo log:  2021/12/10 17:10:14
[2022-01-11 17:22:00,434] {logging_mixin.py:109} INFO - Tempo entre o ultimo log e a data atual:  32 days, 0:11:46.433931
[2022-01-11 17:22:00,434] {logging_mixin.py:109} INFO - INFO   | jvm 4    | 2021/12/10 17:10:14 | [RSFILEMANAGERSERVER] Finalizando importacao lote: DadosSite_03105116_49301_2021121416h55min05seg.zip.rscd. Tempo gasto (ms): 15944
[2022-01-11 17:22:00,434] {logging_mixin.py:109} INFO - 
[2022-01-11 17:22:00,434] {my_dag.py:60} ERROR - tempo entre ultimo log e data atual maior que 10 minutos.
[2022-01-11 17:22:00,434] {python.py:152} INFO - Done. Returned value was: None
[2022-01-11 17:22:00,443] {taskinstance.py:1280} INFO - Marking task as SUCCESS. dag_id=verificacao_log, task_id=execute_dag, execution_date=20220111T171000, start_date=20220111T172200, end_date=20220111T172200
[2022-01-11 17:22:00,474] {local_task_job.py:154} INFO - Task exited with return code 0
[2022-01-11 17:22:00,497] {local_task_job.py:264} INFO - 0 downstream tasks scheduled from follow-on schedule check
