[2022-01-11 16:50:00,553] {taskinstance.py:1035} INFO - Dependencies all met for <TaskInstance: verificacao_log.execute_dag scheduled__2022-01-11T16:40:00+00:00 [queued]>
[2022-01-11 16:50:00,560] {taskinstance.py:1035} INFO - Dependencies all met for <TaskInstance: verificacao_log.execute_dag scheduled__2022-01-11T16:40:00+00:00 [queued]>
[2022-01-11 16:50:00,560] {taskinstance.py:1241} INFO - 
--------------------------------------------------------------------------------
[2022-01-11 16:50:00,560] {taskinstance.py:1242} INFO - Starting attempt 1 of 1
[2022-01-11 16:50:00,560] {taskinstance.py:1243} INFO - 
--------------------------------------------------------------------------------
[2022-01-11 16:50:00,568] {taskinstance.py:1262} INFO - Executing <Task(PythonOperator): execute_dag> on 2022-01-11 16:40:00+00:00
[2022-01-11 16:50:00,571] {standard_task_runner.py:52} INFO - Started process 5763 to run task
[2022-01-11 16:50:00,574] {standard_task_runner.py:76} INFO - Running: ['***', 'tasks', 'run', 'verificacao_log', 'execute_dag', 'scheduled__2022-01-11T16:40:00+00:00', '--job-id', '818', '--raw', '--subdir', 'DAGS_FOLDER/my_dag.py', '--cfg-path', '/tmp/tmpw7mo1o5f', '--error-file', '/tmp/tmpfvyxcyd0']
[2022-01-11 16:50:00,574] {standard_task_runner.py:77} INFO - Job 818: Subtask execute_dag
[2022-01-11 16:50:00,600] {logging_mixin.py:109} INFO - Running <TaskInstance: verificacao_log.execute_dag scheduled__2022-01-11T16:40:00+00:00 [running]> on host e382db28423e
[2022-01-11 16:50:00,634] {taskinstance.py:1429} INFO - Exporting the following env vars:
AIRFLOW_CTX_DAG_OWNER=***
AIRFLOW_CTX_DAG_ID=verificacao_log
AIRFLOW_CTX_TASK_ID=execute_dag
AIRFLOW_CTX_EXECUTION_DATE=2022-01-11T16:40:00+00:00
AIRFLOW_CTX_DAG_RUN_ID=scheduled__2022-01-11T16:40:00+00:00
[2022-01-11 16:50:00,774] {logging_mixin.py:109} INFO - Data atual:  2022-01-11 16:50:00.774552
[2022-01-11 16:50:00,774] {logging_mixin.py:109} INFO - Dia do ultimo log:  2021/12/10 17:10:14
[2022-01-11 16:50:00,774] {logging_mixin.py:109} INFO - Tempo entre o ultimo log e a data atual:  31 days, 23:39:46.774536
[2022-01-11 16:50:00,774] {logging_mixin.py:109} INFO - INFO   | jvm 4    | 2021/12/10 17:10:14 | [RSFILEMANAGERSERVER] Finalizando importacao lote: DadosSite_03105116_49301_2021121416h55min05seg.zip.rscd. Tempo gasto (ms): 15944
[2022-01-11 16:50:00,774] {logging_mixin.py:109} INFO - 
[2022-01-11 16:50:00,775] {my_dag.py:60} ERROR - tempo entre ultimo log e data atual maior que 10 minutos.
[2022-01-11 16:50:00,775] {python.py:152} INFO - Done. Returned value was: None
[2022-01-11 16:50:00,785] {taskinstance.py:1280} INFO - Marking task as SUCCESS. dag_id=verificacao_log, task_id=execute_dag, execution_date=20220111T164000, start_date=20220111T165000, end_date=20220111T165000
[2022-01-11 16:50:00,827] {local_task_job.py:154} INFO - Task exited with return code 0
[2022-01-11 16:50:00,850] {local_task_job.py:264} INFO - 0 downstream tasks scheduled from follow-on schedule check
