[2022-01-08 20:58:55,221] {taskinstance.py:1035} INFO - Dependencies all met for <TaskInstance: verificacao_log.verificacao_log scheduled__2022-01-08T14:50:00+00:00 [queued]>
[2022-01-08 20:58:55,232] {taskinstance.py:1035} INFO - Dependencies all met for <TaskInstance: verificacao_log.verificacao_log scheduled__2022-01-08T14:50:00+00:00 [queued]>
[2022-01-08 20:58:55,232] {taskinstance.py:1241} INFO - 
--------------------------------------------------------------------------------
[2022-01-08 20:58:55,232] {taskinstance.py:1242} INFO - Starting attempt 1 of 1
[2022-01-08 20:58:55,233] {taskinstance.py:1243} INFO - 
--------------------------------------------------------------------------------
[2022-01-08 20:58:55,245] {taskinstance.py:1262} INFO - Executing <Task(PythonOperator): verificacao_log> on 2022-01-08 14:50:00+00:00
[2022-01-08 20:58:55,250] {standard_task_runner.py:52} INFO - Started process 72796 to run task
[2022-01-08 20:58:55,253] {standard_task_runner.py:76} INFO - Running: ['***', 'tasks', 'run', 'verificacao_log', 'verificacao_log', 'scheduled__2022-01-08T14:50:00+00:00', '--job-id', '364', '--raw', '--subdir', 'DAGS_FOLDER/my_dag.py', '--cfg-path', '/tmp/tmpjzhi2g20', '--error-file', '/tmp/tmp6ph8__6f']
[2022-01-08 20:58:55,254] {standard_task_runner.py:77} INFO - Job 364: Subtask verificacao_log
[2022-01-08 20:58:55,290] {logging_mixin.py:109} INFO - Running <TaskInstance: verificacao_log.verificacao_log scheduled__2022-01-08T14:50:00+00:00 [running]> on host fa901b562f08
[2022-01-08 20:58:55,339] {taskinstance.py:1429} INFO - Exporting the following env vars:
AIRFLOW_CTX_DAG_OWNER=***
AIRFLOW_CTX_DAG_ID=verificacao_log
AIRFLOW_CTX_TASK_ID=verificacao_log
AIRFLOW_CTX_EXECUTION_DATE=2022-01-08T14:50:00+00:00
AIRFLOW_CTX_DAG_RUN_ID=scheduled__2022-01-08T14:50:00+00:00
[2022-01-08 20:58:56,533] {logging_mixin.py:109} INFO - Data atual:  2022-01-08 20:58:56.533837
[2022-01-08 20:58:56,534] {logging_mixin.py:109} INFO - Dia do ultimo log:  2021/12/10 17:10:14
[2022-01-08 20:58:56,534] {logging_mixin.py:109} INFO - Tempo entre o ultimo log e a data atual:  29 days, 3:48:42.533822
[2022-01-08 20:58:56,534] {logging_mixin.py:109} INFO - INFO   | jvm 4    | 2021/12/10 17:10:14 | [RSFILEMANAGERSERVER] Finalizando importacao lote: DadosSite_03105116_49301_2021121416h55min05seg.zip.rscd. Tempo gasto (ms): 15944
[2022-01-08 20:58:56,534] {logging_mixin.py:109} INFO - 
[2022-01-08 20:58:56,534] {my_dag.py:60} ERROR - tempo entre ultimo log e data atual maior que 10 minutos.
[2022-01-08 20:58:56,534] {python.py:152} INFO - Done. Returned value was: None
[2022-01-08 20:58:56,562] {taskinstance.py:1280} INFO - Marking task as SUCCESS. dag_id=verificacao_log, task_id=verificacao_log, execution_date=20220108T145000, start_date=20220108T205855, end_date=20220108T205856
[2022-01-08 20:58:56,633] {local_task_job.py:154} INFO - Task exited with return code 0
[2022-01-08 20:58:56,671] {local_task_job.py:264} INFO - 0 downstream tasks scheduled from follow-on schedule check
