[2022-01-07 20:20:02,397] {taskinstance.py:1035} INFO - Dependencies all met for <TaskInstance: verificacao_log.verificacao_log scheduled__2022-01-07T20:10:00+00:00 [queued]>
[2022-01-07 20:20:02,403] {taskinstance.py:1035} INFO - Dependencies all met for <TaskInstance: verificacao_log.verificacao_log scheduled__2022-01-07T20:10:00+00:00 [queued]>
[2022-01-07 20:20:02,404] {taskinstance.py:1241} INFO - 
--------------------------------------------------------------------------------
[2022-01-07 20:20:02,404] {taskinstance.py:1242} INFO - Starting attempt 1 of 1
[2022-01-07 20:20:02,404] {taskinstance.py:1243} INFO - 
--------------------------------------------------------------------------------
[2022-01-07 20:20:02,412] {taskinstance.py:1262} INFO - Executing <Task(PythonOperator): verificacao_log> on 2022-01-07 20:10:00+00:00
[2022-01-07 20:20:02,415] {standard_task_runner.py:52} INFO - Started process 5627 to run task
[2022-01-07 20:20:02,417] {standard_task_runner.py:76} INFO - Running: ['***', 'tasks', 'run', 'verificacao_log', 'verificacao_log', 'scheduled__2022-01-07T20:10:00+00:00', '--job-id', '251', '--raw', '--subdir', 'DAGS_FOLDER/my_dag.py', '--cfg-path', '/tmp/tmpqnnftc74', '--error-file', '/tmp/tmpijzetkth']
[2022-01-07 20:20:02,417] {standard_task_runner.py:77} INFO - Job 251: Subtask verificacao_log
[2022-01-07 20:20:02,445] {logging_mixin.py:109} INFO - Running <TaskInstance: verificacao_log.verificacao_log scheduled__2022-01-07T20:10:00+00:00 [running]> on host fa901b562f08
[2022-01-07 20:20:02,477] {taskinstance.py:1429} INFO - Exporting the following env vars:
AIRFLOW_CTX_DAG_OWNER=***
AIRFLOW_CTX_DAG_ID=verificacao_log
AIRFLOW_CTX_TASK_ID=verificacao_log
AIRFLOW_CTX_EXECUTION_DATE=2022-01-07T20:10:00+00:00
AIRFLOW_CTX_DAG_RUN_ID=scheduled__2022-01-07T20:10:00+00:00
[2022-01-07 20:20:03,073] {logging_mixin.py:109} INFO - Data atual:  2022-01-07 20:20:03.073336
[2022-01-07 20:20:03,073] {logging_mixin.py:109} INFO - Dia do ultimo log:  2021/12/10 17:10:14
[2022-01-07 20:20:03,073] {logging_mixin.py:109} INFO - Tempo entre o ultimo log e a data atual:  28 days, 3:09:49.073324
[2022-01-07 20:20:03,073] {logging_mixin.py:109} INFO - INFO   | jvm 4    | 2021/12/10 17:10:14 | [RSFILEMANAGERSERVER] Finalizando importacao lote: DadosSite_03105116_49301_2021121416h55min05seg.zip.rscd. Tempo gasto (ms): 15944
[2022-01-07 20:20:03,073] {logging_mixin.py:109} INFO - 
[2022-01-07 20:20:03,073] {my_dag.py:60} ERROR - tempo entre ultimo log e data atual maior que 10 minutos.
[2022-01-07 20:20:03,073] {python.py:152} INFO - Done. Returned value was: None
[2022-01-07 20:20:03,083] {taskinstance.py:1280} INFO - Marking task as SUCCESS. dag_id=verificacao_log, task_id=verificacao_log, execution_date=20220107T201000, start_date=20220107T202002, end_date=20220107T202003
[2022-01-07 20:20:03,111] {local_task_job.py:154} INFO - Task exited with return code 0
[2022-01-07 20:20:03,133] {local_task_job.py:264} INFO - 0 downstream tasks scheduled from follow-on schedule check
