[2021-12-21 19:33:45,211] {taskinstance.py:1035} INFO - Dependencies all met for <TaskInstance: verificacao_log.verificacao_log scheduled__2021-12-21T15:00:00+00:00 [queued]>
[2021-12-21 19:33:45,220] {taskinstance.py:1035} INFO - Dependencies all met for <TaskInstance: verificacao_log.verificacao_log scheduled__2021-12-21T15:00:00+00:00 [queued]>
[2021-12-21 19:33:45,220] {taskinstance.py:1241} INFO - 
--------------------------------------------------------------------------------
[2021-12-21 19:33:45,220] {taskinstance.py:1242} INFO - Starting attempt 1 of 1
[2021-12-21 19:33:45,220] {taskinstance.py:1243} INFO - 
--------------------------------------------------------------------------------
[2021-12-21 19:33:45,231] {taskinstance.py:1262} INFO - Executing <Task(PythonOperator): verificacao_log> on 2021-12-21 15:00:00+00:00
[2021-12-21 19:33:45,236] {standard_task_runner.py:52} INFO - Started process 15996 to run task
[2021-12-21 19:33:45,238] {standard_task_runner.py:76} INFO - Running: ['***', 'tasks', 'run', 'verificacao_log', 'verificacao_log', 'scheduled__2021-12-21T15:00:00+00:00', '--job-id', '106', '--raw', '--subdir', 'DAGS_FOLDER/my_dag.py', '--cfg-path', '/tmp/tmpm86slvlq', '--error-file', '/tmp/tmpm98sdkjx']
[2021-12-21 19:33:45,239] {standard_task_runner.py:77} INFO - Job 106: Subtask verificacao_log
[2021-12-21 19:33:45,272] {logging_mixin.py:109} INFO - Running <TaskInstance: verificacao_log.verificacao_log scheduled__2021-12-21T15:00:00+00:00 [running]> on host 371b38751bd1
[2021-12-21 19:33:45,311] {taskinstance.py:1429} INFO - Exporting the following env vars:
AIRFLOW_CTX_DAG_OWNER=***
AIRFLOW_CTX_DAG_ID=verificacao_log
AIRFLOW_CTX_TASK_ID=verificacao_log
AIRFLOW_CTX_EXECUTION_DATE=2021-12-21T15:00:00+00:00
AIRFLOW_CTX_DAG_RUN_ID=scheduled__2021-12-21T15:00:00+00:00
[2021-12-21 19:33:46,223] {taskinstance.py:1703} ERROR - Task failed with exception
Traceback (most recent call last):
  File "/home/airflow/.local/lib/python3.7/site-packages/airflow/models/taskinstance.py", line 1332, in _run_raw_task
    self._execute_task_with_callbacks(context)
  File "/home/airflow/.local/lib/python3.7/site-packages/airflow/models/taskinstance.py", line 1458, in _execute_task_with_callbacks
    result = self._execute_task(context, self.task)
  File "/home/airflow/.local/lib/python3.7/site-packages/airflow/models/taskinstance.py", line 1514, in _execute_task
    result = execute_callable(context=context)
  File "/home/airflow/.local/lib/python3.7/site-packages/airflow/operators/python.py", line 151, in execute
    return_value = self.execute_callable()
  File "/home/airflow/.local/lib/python3.7/site-packages/airflow/operators/python.py", line 162, in execute_callable
    return self.python_callable(*self.op_args, **self.op_kwargs)
  File "/opt/airflow/dags/my_dag.py", line 58, in execute_dag
    log_text, date_time_str, date_time_difference = scrap_file(important, keep_phrases, file)
  File "/opt/airflow/dags/my_dag.py", line 28, in scrap_file
    for line in file:
  File "/usr/local/lib/python3.7/http/client.py", line 685, in readline
    result = self.fp.readline(limit)
  File "/usr/local/lib/python3.7/socket.py", line 589, in readinto
    return self._sock.recv_into(b)
ConnectionResetError: [Errno 104] Connection reset by peer
[2021-12-21 19:33:46,265] {taskinstance.py:1280} INFO - Marking task as FAILED. dag_id=verificacao_log, task_id=verificacao_log, execution_date=20211221T150000, start_date=20211221T193345, end_date=20211221T193346
[2021-12-21 19:33:46,293] {standard_task_runner.py:91} ERROR - Failed to execute job 106 for task verificacao_log
Traceback (most recent call last):
  File "/home/airflow/.local/lib/python3.7/site-packages/airflow/task/task_runner/standard_task_runner.py", line 85, in _start_by_fork
    args.func(args, dag=self.dag)
  File "/home/airflow/.local/lib/python3.7/site-packages/airflow/cli/cli_parser.py", line 48, in command
    return func(*args, **kwargs)
  File "/home/airflow/.local/lib/python3.7/site-packages/airflow/utils/cli.py", line 92, in wrapper
    return f(*args, **kwargs)
  File "/home/airflow/.local/lib/python3.7/site-packages/airflow/cli/commands/task_command.py", line 292, in task_run
    _run_task_by_selected_method(args, dag, ti)
  File "/home/airflow/.local/lib/python3.7/site-packages/airflow/cli/commands/task_command.py", line 107, in _run_task_by_selected_method
    _run_raw_task(args, ti)
  File "/home/airflow/.local/lib/python3.7/site-packages/airflow/cli/commands/task_command.py", line 184, in _run_raw_task
    error_file=args.error_file,
  File "/home/airflow/.local/lib/python3.7/site-packages/airflow/utils/session.py", line 70, in wrapper
    return func(*args, session=session, **kwargs)
  File "/home/airflow/.local/lib/python3.7/site-packages/airflow/models/taskinstance.py", line 1332, in _run_raw_task
    self._execute_task_with_callbacks(context)
  File "/home/airflow/.local/lib/python3.7/site-packages/airflow/models/taskinstance.py", line 1458, in _execute_task_with_callbacks
    result = self._execute_task(context, self.task)
  File "/home/airflow/.local/lib/python3.7/site-packages/airflow/models/taskinstance.py", line 1514, in _execute_task
    result = execute_callable(context=context)
  File "/home/airflow/.local/lib/python3.7/site-packages/airflow/operators/python.py", line 151, in execute
    return_value = self.execute_callable()
  File "/home/airflow/.local/lib/python3.7/site-packages/airflow/operators/python.py", line 162, in execute_callable
    return self.python_callable(*self.op_args, **self.op_kwargs)
  File "/opt/airflow/dags/my_dag.py", line 58, in execute_dag
    log_text, date_time_str, date_time_difference = scrap_file(important, keep_phrases, file)
  File "/opt/airflow/dags/my_dag.py", line 28, in scrap_file
    for line in file:
  File "/usr/local/lib/python3.7/http/client.py", line 685, in readline
    result = self.fp.readline(limit)
  File "/usr/local/lib/python3.7/socket.py", line 589, in readinto
    return self._sock.recv_into(b)
ConnectionResetError: [Errno 104] Connection reset by peer
[2021-12-21 19:33:46,332] {local_task_job.py:154} INFO - Task exited with return code 1
[2021-12-21 19:33:46,372] {local_task_job.py:264} INFO - 0 downstream tasks scheduled from follow-on schedule check
