[2021-12-21 13:49:31,206] {taskinstance.py:1035} INFO - Dependencies all met for <TaskInstance: example_bash_operator.this_will_skip manual__2021-12-21T13:49:28.896832+00:00 [queued]>
[2021-12-21 13:49:31,239] {taskinstance.py:1035} INFO - Dependencies all met for <TaskInstance: example_bash_operator.this_will_skip manual__2021-12-21T13:49:28.896832+00:00 [queued]>
[2021-12-21 13:49:31,240] {taskinstance.py:1241} INFO - 
--------------------------------------------------------------------------------
[2021-12-21 13:49:31,240] {taskinstance.py:1242} INFO - Starting attempt 1 of 1
[2021-12-21 13:49:31,241] {taskinstance.py:1243} INFO - 
--------------------------------------------------------------------------------
[2021-12-21 13:49:31,275] {taskinstance.py:1262} INFO - Executing <Task(BashOperator): this_will_skip> on 2021-12-21 13:49:28.896832+00:00
[2021-12-21 13:49:31,311] {standard_task_runner.py:52} INFO - Started process 312 to run task
[2021-12-21 13:49:31,318] {standard_task_runner.py:76} INFO - Running: ['***', 'tasks', 'run', 'example_bash_operator', 'this_will_skip', 'manual__2021-12-21T13:49:28.896832+00:00', '--job-id', '8', '--raw', '--subdir', '/home/***/.local/lib/python3.7/site-packages/***/example_dags/example_bash_operator.py', '--cfg-path', '/tmp/tmpg3xl6_lj', '--error-file', '/tmp/tmpoj864888']
[2021-12-21 13:49:31,321] {standard_task_runner.py:77} INFO - Job 8: Subtask this_will_skip
[2021-12-21 13:49:31,400] {logging_mixin.py:109} INFO - Running <TaskInstance: example_bash_operator.this_will_skip manual__2021-12-21T13:49:28.896832+00:00 [running]> on host 371b38751bd1
[2021-12-21 13:49:31,466] {taskinstance.py:1429} INFO - Exporting the following env vars:
AIRFLOW_CTX_DAG_OWNER=***
AIRFLOW_CTX_DAG_ID=example_bash_operator
AIRFLOW_CTX_TASK_ID=this_will_skip
AIRFLOW_CTX_EXECUTION_DATE=2021-12-21T13:49:28.896832+00:00
AIRFLOW_CTX_DAG_RUN_ID=manual__2021-12-21T13:49:28.896832+00:00
[2021-12-21 13:49:31,467] {subprocess.py:62} INFO - Tmp dir root location: 
 /tmp
[2021-12-21 13:49:31,468] {subprocess.py:74} INFO - Running command: ['bash', '-c', 'echo "hello world"; exit 99;']
[2021-12-21 13:49:31,479] {subprocess.py:85} INFO - Output:
[2021-12-21 13:49:31,481] {subprocess.py:89} INFO - hello world
[2021-12-21 13:49:31,481] {subprocess.py:93} INFO - Command exited with return code 99
[2021-12-21 13:49:31,482] {taskinstance.py:1359} INFO - Bash command returned exit code 99. Skipping.
[2021-12-21 13:49:31,496] {taskinstance.py:1280} INFO - Marking task as SKIPPED. dag_id=example_bash_operator, task_id=this_will_skip, execution_date=20211221T134928, start_date=20211221T134931, end_date=20211221T134931
[2021-12-21 13:49:31,529] {local_task_job.py:154} INFO - Task exited with return code 0
[2021-12-21 13:49:31,564] {local_task_job.py:264} INFO - 0 downstream tasks scheduled from follow-on schedule check
