[2021-12-21 19:30:50,215] {taskinstance.py:1035} INFO - Dependencies all met for <TaskInstance: verificacao_log.verificacao_log scheduled__2021-12-21T08:40:00+00:00 [queued]>
[2021-12-21 19:30:50,224] {taskinstance.py:1035} INFO - Dependencies all met for <TaskInstance: verificacao_log.verificacao_log scheduled__2021-12-21T08:40:00+00:00 [queued]>
[2021-12-21 19:30:50,224] {taskinstance.py:1241} INFO - 
--------------------------------------------------------------------------------
[2021-12-21 19:30:50,224] {taskinstance.py:1242} INFO - Starting attempt 1 of 1
[2021-12-21 19:30:50,224] {taskinstance.py:1243} INFO - 
--------------------------------------------------------------------------------
[2021-12-21 19:30:50,233] {taskinstance.py:1262} INFO - Executing <Task(PythonOperator): verificacao_log> on 2021-12-21 08:40:00+00:00
[2021-12-21 19:30:50,237] {standard_task_runner.py:52} INFO - Started process 15794 to run task
[2021-12-21 19:30:50,240] {standard_task_runner.py:76} INFO - Running: ['***', 'tasks', 'run', 'verificacao_log', 'verificacao_log', 'scheduled__2021-12-21T08:40:00+00:00', '--job-id', '68', '--raw', '--subdir', 'DAGS_FOLDER/my_dag.py', '--cfg-path', '/tmp/tmp9xzqupe5', '--error-file', '/tmp/tmpt1bh5_ls']
[2021-12-21 19:30:50,241] {standard_task_runner.py:77} INFO - Job 68: Subtask verificacao_log
[2021-12-21 19:30:50,275] {logging_mixin.py:109} INFO - Running <TaskInstance: verificacao_log.verificacao_log scheduled__2021-12-21T08:40:00+00:00 [running]> on host 371b38751bd1
[2021-12-21 19:30:50,314] {taskinstance.py:1429} INFO - Exporting the following env vars:
AIRFLOW_CTX_DAG_OWNER=***
AIRFLOW_CTX_DAG_ID=verificacao_log
AIRFLOW_CTX_TASK_ID=verificacao_log
AIRFLOW_CTX_EXECUTION_DATE=2021-12-21T08:40:00+00:00
AIRFLOW_CTX_DAG_RUN_ID=scheduled__2021-12-21T08:40:00+00:00
[2021-12-21 19:30:50,915] {logging_mixin.py:109} INFO - Data atual:  2021-12-21 19:30:50.915102
[2021-12-21 19:30:50,915] {logging_mixin.py:109} INFO - Dia do ultimo log:  2021/12/14 17:10:14
[2021-12-21 19:30:50,915] {logging_mixin.py:109} INFO - Tempo entre o ultimo log e a data atual:  7 days, 2:20:36.915087
[2021-12-21 19:30:50,915] {logging_mixin.py:109} INFO - INFO   | jvm 4    | 2021/12/14 17:10:14 | [RSFILEMANAGERSERVER] Finalizando importacao lote: DadosSite_03105116_49301_2021121416h55min05seg.zip.rscd. Tempo gasto (ms): 15944
[2021-12-21 19:30:50,915] {logging_mixin.py:109} INFO - 
[2021-12-21 19:30:50,915] {logging_mixin.py:109} INFO - 
[2021-12-21 19:30:50,915] {logging_mixin.py:109} INFO - 
[2021-12-21 19:30:50,915] {logging_mixin.py:109} INFO - Erro, tempo entre ultimo log e data atual maior que:  0:10:00
[2021-12-21 19:30:50,915] {python.py:152} INFO - Done. Returned value was: None
[2021-12-21 19:30:50,924] {taskinstance.py:1280} INFO - Marking task as SUCCESS. dag_id=verificacao_log, task_id=verificacao_log, execution_date=20211221T084000, start_date=20211221T193050, end_date=20211221T193050
[2021-12-21 19:30:50,973] {local_task_job.py:154} INFO - Task exited with return code 0
[2021-12-21 19:30:51,079] {local_task_job.py:264} INFO - 0 downstream tasks scheduled from follow-on schedule check
