[2021-12-21 13:49:31,102] {taskinstance.py:1035} INFO - Dependencies all met for <TaskInstance: example_bash_operator.runme_2 manual__2021-12-21T13:49:28.896832+00:00 [queued]>
[2021-12-21 13:49:31,117] {taskinstance.py:1035} INFO - Dependencies all met for <TaskInstance: example_bash_operator.runme_2 manual__2021-12-21T13:49:28.896832+00:00 [queued]>
[2021-12-21 13:49:31,117] {taskinstance.py:1241} INFO - 
--------------------------------------------------------------------------------
[2021-12-21 13:49:31,118] {taskinstance.py:1242} INFO - Starting attempt 1 of 1
[2021-12-21 13:49:31,118] {taskinstance.py:1243} INFO - 
--------------------------------------------------------------------------------
[2021-12-21 13:49:31,142] {taskinstance.py:1262} INFO - Executing <Task(BashOperator): runme_2> on 2021-12-21 13:49:28.896832+00:00
[2021-12-21 13:49:31,148] {standard_task_runner.py:52} INFO - Started process 305 to run task
[2021-12-21 13:49:31,153] {standard_task_runner.py:76} INFO - Running: ['***', 'tasks', 'run', 'example_bash_operator', 'runme_2', 'manual__2021-12-21T13:49:28.896832+00:00', '--job-id', '9', '--raw', '--subdir', '/home/***/.local/lib/python3.7/site-packages/***/example_dags/example_bash_operator.py', '--cfg-path', '/tmp/tmprgqqbqgl', '--error-file', '/tmp/tmp6suf1ubx']
[2021-12-21 13:49:31,154] {standard_task_runner.py:77} INFO - Job 9: Subtask runme_2
[2021-12-21 13:49:31,199] {logging_mixin.py:109} INFO - Running <TaskInstance: example_bash_operator.runme_2 manual__2021-12-21T13:49:28.896832+00:00 [running]> on host 371b38751bd1
[2021-12-21 13:49:31,329] {taskinstance.py:1429} INFO - Exporting the following env vars:
AIRFLOW_CTX_DAG_OWNER=***
AIRFLOW_CTX_DAG_ID=example_bash_operator
AIRFLOW_CTX_TASK_ID=runme_2
AIRFLOW_CTX_EXECUTION_DATE=2021-12-21T13:49:28.896832+00:00
AIRFLOW_CTX_DAG_RUN_ID=manual__2021-12-21T13:49:28.896832+00:00
[2021-12-21 13:49:31,330] {subprocess.py:62} INFO - Tmp dir root location: 
 /tmp
[2021-12-21 13:49:31,331] {subprocess.py:74} INFO - Running command: ['bash', '-c', 'echo "example_bash_operator__runme_2__20211221" && sleep 1']
[2021-12-21 13:49:31,349] {subprocess.py:85} INFO - Output:
[2021-12-21 13:49:31,351] {subprocess.py:89} INFO - example_bash_operator__runme_2__20211221
[2021-12-21 13:49:32,358] {subprocess.py:93} INFO - Command exited with return code 0
[2021-12-21 13:49:32,376] {taskinstance.py:1280} INFO - Marking task as SUCCESS. dag_id=example_bash_operator, task_id=runme_2, execution_date=20211221T134928, start_date=20211221T134931, end_date=20211221T134932
[2021-12-21 13:49:32,414] {local_task_job.py:154} INFO - Task exited with return code 0
[2021-12-21 13:49:32,450] {local_task_job.py:264} INFO - 0 downstream tasks scheduled from follow-on schedule check
