[2022-01-11 20:10:00,853] {taskinstance.py:1035} INFO - Dependencies all met for <TaskInstance: verificacao_log.execute_dag scheduled__2022-01-11T20:00:00+00:00 [queued]>
[2022-01-11 20:10:00,874] {taskinstance.py:1035} INFO - Dependencies all met for <TaskInstance: verificacao_log.execute_dag scheduled__2022-01-11T20:00:00+00:00 [queued]>
[2022-01-11 20:10:00,874] {taskinstance.py:1241} INFO - 
--------------------------------------------------------------------------------
[2022-01-11 20:10:00,874] {taskinstance.py:1242} INFO - Starting attempt 1 of 1
[2022-01-11 20:10:00,875] {taskinstance.py:1243} INFO - 
--------------------------------------------------------------------------------
[2022-01-11 20:10:00,890] {taskinstance.py:1262} INFO - Executing <Task(PythonOperator): execute_dag> on 2022-01-11 20:00:00+00:00
[2022-01-11 20:10:00,894] {standard_task_runner.py:52} INFO - Started process 6465 to run task
[2022-01-11 20:10:00,898] {standard_task_runner.py:76} INFO - Running: ['***', 'tasks', 'run', 'verificacao_log', 'execute_dag', 'scheduled__2022-01-11T20:00:00+00:00', '--job-id', '852', '--raw', '--subdir', 'DAGS_FOLDER/my_dag.py', '--cfg-path', '/tmp/tmp8mmrar3j', '--error-file', '/tmp/tmpq5ckfuft']
[2022-01-11 20:10:00,898] {standard_task_runner.py:77} INFO - Job 852: Subtask execute_dag
[2022-01-11 20:10:00,939] {logging_mixin.py:109} INFO - Running <TaskInstance: verificacao_log.execute_dag scheduled__2022-01-11T20:00:00+00:00 [running]> on host e382db28423e
[2022-01-11 20:10:00,987] {taskinstance.py:1429} INFO - Exporting the following env vars:
AIRFLOW_CTX_DAG_EMAIL=iagosilva@mobitbrasil.com.br
AIRFLOW_CTX_DAG_OWNER=***
AIRFLOW_CTX_DAG_ID=verificacao_log
AIRFLOW_CTX_TASK_ID=execute_dag
AIRFLOW_CTX_EXECUTION_DATE=2022-01-11T20:00:00+00:00
AIRFLOW_CTX_DAG_RUN_ID=scheduled__2022-01-11T20:00:00+00:00
[2022-01-11 20:10:01,135] {logging_mixin.py:109} INFO - Data atual:  2022-01-11 20:10:01.135543
[2022-01-11 20:10:01,135] {logging_mixin.py:109} INFO - Dia do ultimo log:  2021/12/10 17:10:14
[2022-01-11 20:10:01,135] {logging_mixin.py:109} INFO - Tempo entre o ultimo log e a data atual:  32 days, 2:59:47.135524
[2022-01-11 20:10:01,135] {logging_mixin.py:109} INFO - INFO   | jvm 4    | 2021/12/10 17:10:14 | [RSFILEMANAGERSERVER] Finalizando importacao lote: DadosSite_03105116_49301_2021121416h55min05seg.zip.rscd. Tempo gasto (ms): 15944
[2022-01-11 20:10:01,136] {logging_mixin.py:109} INFO - 
[2022-01-11 20:10:01,136] {my_dag.py:84} ERROR - tempo entre ultimo log e data atual maior que 10 minutos.
[2022-01-11 20:10:01,149] {taskinstance.py:1703} ERROR - Task failed with exception
Traceback (most recent call last):
  File "/home/airflow/.local/lib/python3.7/site-packages/airflow/models/taskinstance.py", line 1332, in _run_raw_task
    self._execute_task_with_callbacks(context)
  File "/home/airflow/.local/lib/python3.7/site-packages/airflow/models/taskinstance.py", line 1458, in _execute_task_with_callbacks
    result = self._execute_task(context, self.task)
  File "/home/airflow/.local/lib/python3.7/site-packages/airflow/models/taskinstance.py", line 1514, in _execute_task
    result = execute_callable(context=context)
  File "/home/airflow/.local/lib/python3.7/site-packages/airflow/operators/python.py", line 151, in execute
    return_value = self.execute_callable()
  File "/home/airflow/.local/lib/python3.7/site-packages/airflow/operators/python.py", line 162, in execute_callable
    return self.python_callable(*self.op_args, **self.op_kwargs)
  File "/opt/airflow/dags/my_dag.py", line 115, in execute_dag
    show_results(MAX_TIMEOUT, log_text, date_time_str, date_time_difference)
  File "/opt/airflow/dags/my_dag.py", line 103, in show_results
    send_email_if_inconsistent_time()
  File "/opt/airflow/dags/my_dag.py", line 90, in send_email_if_inconsistent_time
    dag=dag )
  File "/home/airflow/.local/lib/python3.7/site-packages/airflow/models/baseoperator.py", line 188, in apply_defaults
    result = func(self, *args, **kwargs)
  File "/home/airflow/.local/lib/python3.7/site-packages/airflow/operators/email.py", line 67, in __init__
    super().__init__(**kwargs)
  File "/home/airflow/.local/lib/python3.7/site-packages/airflow/models/baseoperator.py", line 188, in apply_defaults
    result = func(self, *args, **kwargs)
  File "/home/airflow/.local/lib/python3.7/site-packages/airflow/models/baseoperator.py", line 553, in __init__
    task_group.add(self)
  File "/home/airflow/.local/lib/python3.7/site-packages/airflow/utils/task_group.py", line 175, in add
    raise DuplicateTaskIdFound(f"Task id '{key}' has already been added to the DAG")
airflow.exceptions.DuplicateTaskIdFound: Task id 'send_email' has already been added to the DAG
[2022-01-11 20:10:01,157] {taskinstance.py:1280} INFO - Marking task as FAILED. dag_id=verificacao_log, task_id=execute_dag, execution_date=20220111T200000, start_date=20220111T201000, end_date=20220111T201001
[2022-01-11 20:10:01,171] {standard_task_runner.py:91} ERROR - Failed to execute job 852 for task execute_dag
Traceback (most recent call last):
  File "/home/airflow/.local/lib/python3.7/site-packages/airflow/task/task_runner/standard_task_runner.py", line 85, in _start_by_fork
    args.func(args, dag=self.dag)
  File "/home/airflow/.local/lib/python3.7/site-packages/airflow/cli/cli_parser.py", line 48, in command
    return func(*args, **kwargs)
  File "/home/airflow/.local/lib/python3.7/site-packages/airflow/utils/cli.py", line 92, in wrapper
    return f(*args, **kwargs)
  File "/home/airflow/.local/lib/python3.7/site-packages/airflow/cli/commands/task_command.py", line 292, in task_run
    _run_task_by_selected_method(args, dag, ti)
  File "/home/airflow/.local/lib/python3.7/site-packages/airflow/cli/commands/task_command.py", line 107, in _run_task_by_selected_method
    _run_raw_task(args, ti)
  File "/home/airflow/.local/lib/python3.7/site-packages/airflow/cli/commands/task_command.py", line 184, in _run_raw_task
    error_file=args.error_file,
  File "/home/airflow/.local/lib/python3.7/site-packages/airflow/utils/session.py", line 70, in wrapper
    return func(*args, session=session, **kwargs)
  File "/home/airflow/.local/lib/python3.7/site-packages/airflow/models/taskinstance.py", line 1332, in _run_raw_task
    self._execute_task_with_callbacks(context)
  File "/home/airflow/.local/lib/python3.7/site-packages/airflow/models/taskinstance.py", line 1458, in _execute_task_with_callbacks
    result = self._execute_task(context, self.task)
  File "/home/airflow/.local/lib/python3.7/site-packages/airflow/models/taskinstance.py", line 1514, in _execute_task
    result = execute_callable(context=context)
  File "/home/airflow/.local/lib/python3.7/site-packages/airflow/operators/python.py", line 151, in execute
    return_value = self.execute_callable()
  File "/home/airflow/.local/lib/python3.7/site-packages/airflow/operators/python.py", line 162, in execute_callable
    return self.python_callable(*self.op_args, **self.op_kwargs)
  File "/opt/airflow/dags/my_dag.py", line 115, in execute_dag
    show_results(MAX_TIMEOUT, log_text, date_time_str, date_time_difference)
  File "/opt/airflow/dags/my_dag.py", line 103, in show_results
    send_email_if_inconsistent_time()
  File "/opt/airflow/dags/my_dag.py", line 90, in send_email_if_inconsistent_time
    dag=dag )
  File "/home/airflow/.local/lib/python3.7/site-packages/airflow/models/baseoperator.py", line 188, in apply_defaults
    result = func(self, *args, **kwargs)
  File "/home/airflow/.local/lib/python3.7/site-packages/airflow/operators/email.py", line 67, in __init__
    super().__init__(**kwargs)
  File "/home/airflow/.local/lib/python3.7/site-packages/airflow/models/baseoperator.py", line 188, in apply_defaults
    result = func(self, *args, **kwargs)
  File "/home/airflow/.local/lib/python3.7/site-packages/airflow/models/baseoperator.py", line 553, in __init__
    task_group.add(self)
  File "/home/airflow/.local/lib/python3.7/site-packages/airflow/utils/task_group.py", line 175, in add
    raise DuplicateTaskIdFound(f"Task id '{key}' has already been added to the DAG")
airflow.exceptions.DuplicateTaskIdFound: Task id 'send_email' has already been added to the DAG
[2022-01-11 20:10:01,189] {local_task_job.py:154} INFO - Task exited with return code 1
[2022-01-11 20:10:01,220] {local_task_job.py:264} INFO - 0 downstream tasks scheduled from follow-on schedule check
