[2021-12-21 19:30:44,331] {taskinstance.py:1035} INFO - Dependencies all met for <TaskInstance: verificacao_log.verificacao_log scheduled__2021-12-21T06:30:00+00:00 [queued]>
[2021-12-21 19:30:44,356] {taskinstance.py:1035} INFO - Dependencies all met for <TaskInstance: verificacao_log.verificacao_log scheduled__2021-12-21T06:30:00+00:00 [queued]>
[2021-12-21 19:30:44,356] {taskinstance.py:1241} INFO - 
--------------------------------------------------------------------------------
[2021-12-21 19:30:44,356] {taskinstance.py:1242} INFO - Starting attempt 1 of 1
[2021-12-21 19:30:44,357] {taskinstance.py:1243} INFO - 
--------------------------------------------------------------------------------
[2021-12-21 19:30:44,376] {taskinstance.py:1262} INFO - Executing <Task(PythonOperator): verificacao_log> on 2021-12-21 06:30:00+00:00
[2021-12-21 19:30:44,384] {standard_task_runner.py:52} INFO - Started process 15766 to run task
[2021-12-21 19:30:44,389] {standard_task_runner.py:76} INFO - Running: ['***', 'tasks', 'run', 'verificacao_log', 'verificacao_log', 'scheduled__2021-12-21T06:30:00+00:00', '--job-id', '55', '--raw', '--subdir', 'DAGS_FOLDER/my_dag.py', '--cfg-path', '/tmp/tmpx_d8etto', '--error-file', '/tmp/tmp5wt9mps0']
[2021-12-21 19:30:44,390] {standard_task_runner.py:77} INFO - Job 55: Subtask verificacao_log
[2021-12-21 19:30:44,510] {logging_mixin.py:109} INFO - Running <TaskInstance: verificacao_log.verificacao_log scheduled__2021-12-21T06:30:00+00:00 [running]> on host 371b38751bd1
[2021-12-21 19:30:44,580] {taskinstance.py:1429} INFO - Exporting the following env vars:
AIRFLOW_CTX_DAG_OWNER=***
AIRFLOW_CTX_DAG_ID=verificacao_log
AIRFLOW_CTX_TASK_ID=verificacao_log
AIRFLOW_CTX_EXECUTION_DATE=2021-12-21T06:30:00+00:00
AIRFLOW_CTX_DAG_RUN_ID=scheduled__2021-12-21T06:30:00+00:00
[2021-12-21 19:30:44,889] {logging_mixin.py:109} INFO - Data atual:  2021-12-21 19:30:44.889640
[2021-12-21 19:30:44,889] {logging_mixin.py:109} INFO - Dia do ultimo log:  2021/12/14 17:10:14
[2021-12-21 19:30:44,890] {logging_mixin.py:109} INFO - Tempo entre o ultimo log e a data atual:  7 days, 2:20:30.889602
[2021-12-21 19:30:44,890] {logging_mixin.py:109} INFO - INFO   | jvm 4    | 2021/12/14 17:10:14 | [RSFILEMANAGERSERVER] Finalizando importacao lote: DadosSite_03105116_49301_2021121416h55min05seg.zip.rscd. Tempo gasto (ms): 15944
[2021-12-21 19:30:44,890] {logging_mixin.py:109} INFO - 
[2021-12-21 19:30:44,890] {logging_mixin.py:109} INFO - 
[2021-12-21 19:30:44,890] {logging_mixin.py:109} INFO - 
[2021-12-21 19:30:44,890] {logging_mixin.py:109} INFO - Erro, tempo entre ultimo log e data atual maior que:  0:10:00
[2021-12-21 19:30:44,890] {python.py:152} INFO - Done. Returned value was: None
[2021-12-21 19:30:44,902] {taskinstance.py:1280} INFO - Marking task as SUCCESS. dag_id=verificacao_log, task_id=verificacao_log, execution_date=20211221T063000, start_date=20211221T193044, end_date=20211221T193044
[2021-12-21 19:30:44,937] {local_task_job.py:154} INFO - Task exited with return code 0
[2021-12-21 19:30:45,030] {local_task_job.py:264} INFO - 0 downstream tasks scheduled from follow-on schedule check
