[2021-12-21 19:30:20,050] {taskinstance.py:1035} INFO - Dependencies all met for <TaskInstance: verificacao_log.verificacao_log scheduled__2021-12-21T02:00:00+00:00 [queued]>
[2021-12-21 19:30:20,061] {taskinstance.py:1035} INFO - Dependencies all met for <TaskInstance: verificacao_log.verificacao_log scheduled__2021-12-21T02:00:00+00:00 [queued]>
[2021-12-21 19:30:20,062] {taskinstance.py:1241} INFO - 
--------------------------------------------------------------------------------
[2021-12-21 19:30:20,062] {taskinstance.py:1242} INFO - Starting attempt 1 of 1
[2021-12-21 19:30:20,062] {taskinstance.py:1243} INFO - 
--------------------------------------------------------------------------------
[2021-12-21 19:30:20,074] {taskinstance.py:1262} INFO - Executing <Task(PythonOperator): verificacao_log> on 2021-12-21 02:00:00+00:00
[2021-12-21 19:30:20,078] {standard_task_runner.py:52} INFO - Started process 15690 to run task
[2021-12-21 19:30:20,081] {standard_task_runner.py:76} INFO - Running: ['***', 'tasks', 'run', 'verificacao_log', 'verificacao_log', 'scheduled__2021-12-21T02:00:00+00:00', '--job-id', '27', '--raw', '--subdir', 'DAGS_FOLDER/my_dag.py', '--cfg-path', '/tmp/tmpmxktljn0', '--error-file', '/tmp/tmpx39o18ov']
[2021-12-21 19:30:20,081] {standard_task_runner.py:77} INFO - Job 27: Subtask verificacao_log
[2021-12-21 19:30:20,116] {logging_mixin.py:109} INFO - Running <TaskInstance: verificacao_log.verificacao_log scheduled__2021-12-21T02:00:00+00:00 [running]> on host 371b38751bd1
[2021-12-21 19:30:20,161] {taskinstance.py:1429} INFO - Exporting the following env vars:
AIRFLOW_CTX_DAG_OWNER=***
AIRFLOW_CTX_DAG_ID=verificacao_log
AIRFLOW_CTX_TASK_ID=verificacao_log
AIRFLOW_CTX_EXECUTION_DATE=2021-12-21T02:00:00+00:00
AIRFLOW_CTX_DAG_RUN_ID=scheduled__2021-12-21T02:00:00+00:00
[2021-12-21 19:30:24,809] {logging_mixin.py:109} INFO - Data atual:  2021-12-21 19:30:24.809833
[2021-12-21 19:30:24,809] {logging_mixin.py:109} INFO - Dia do ultimo log:  2021/12/14 17:10:14
[2021-12-21 19:30:24,810] {logging_mixin.py:109} INFO - Tempo entre o ultimo log e a data atual:  7 days, 2:20:10.809816
[2021-12-21 19:30:24,810] {logging_mixin.py:109} INFO - INFO   | jvm 4    | 2021/12/14 17:10:14 | [RSFILEMANAGERSERVER] Finalizando importacao lote: DadosSite_03105116_49301_2021121416h55min05seg.zip.rscd. Tempo gasto (ms): 15944
[2021-12-21 19:30:24,810] {logging_mixin.py:109} INFO - 
[2021-12-21 19:30:24,810] {logging_mixin.py:109} INFO - 
[2021-12-21 19:30:24,810] {logging_mixin.py:109} INFO - 
[2021-12-21 19:30:24,810] {logging_mixin.py:109} INFO - Erro, tempo entre ultimo log e data atual maior que:  0:10:00
[2021-12-21 19:30:24,810] {python.py:152} INFO - Done. Returned value was: None
[2021-12-21 19:30:24,822] {taskinstance.py:1280} INFO - Marking task as SUCCESS. dag_id=verificacao_log, task_id=verificacao_log, execution_date=20211221T020000, start_date=20211221T193020, end_date=20211221T193024
[2021-12-21 19:30:24,870] {local_task_job.py:154} INFO - Task exited with return code 0
[2021-12-21 19:30:24,909] {local_task_job.py:264} INFO - 0 downstream tasks scheduled from follow-on schedule check
