[2021-12-21 13:49:33,309] {taskinstance.py:1035} INFO - Dependencies all met for <TaskInstance: example_bash_operator.run_after_loop scheduled__2021-12-20T00:00:00+00:00 [queued]>
[2021-12-21 13:49:33,319] {taskinstance.py:1035} INFO - Dependencies all met for <TaskInstance: example_bash_operator.run_after_loop scheduled__2021-12-20T00:00:00+00:00 [queued]>
[2021-12-21 13:49:33,319] {taskinstance.py:1241} INFO - 
--------------------------------------------------------------------------------
[2021-12-21 13:49:33,320] {taskinstance.py:1242} INFO - Starting attempt 1 of 1
[2021-12-21 13:49:33,320] {taskinstance.py:1243} INFO - 
--------------------------------------------------------------------------------
[2021-12-21 13:49:33,330] {taskinstance.py:1262} INFO - Executing <Task(BashOperator): run_after_loop> on 2021-12-20 00:00:00+00:00
[2021-12-21 13:49:33,334] {standard_task_runner.py:52} INFO - Started process 322 to run task
[2021-12-21 13:49:33,336] {standard_task_runner.py:76} INFO - Running: ['***', 'tasks', 'run', 'example_bash_operator', 'run_after_loop', 'scheduled__2021-12-20T00:00:00+00:00', '--job-id', '14', '--raw', '--subdir', '/home/***/.local/lib/python3.7/site-packages/***/example_dags/example_bash_operator.py', '--cfg-path', '/tmp/tmpq5q3u2dg', '--error-file', '/tmp/tmpzbjrtn6n']
[2021-12-21 13:49:33,337] {standard_task_runner.py:77} INFO - Job 14: Subtask run_after_loop
[2021-12-21 13:49:33,400] {logging_mixin.py:109} INFO - Running <TaskInstance: example_bash_operator.run_after_loop scheduled__2021-12-20T00:00:00+00:00 [running]> on host 371b38751bd1
[2021-12-21 13:49:33,445] {taskinstance.py:1429} INFO - Exporting the following env vars:
AIRFLOW_CTX_DAG_OWNER=***
AIRFLOW_CTX_DAG_ID=example_bash_operator
AIRFLOW_CTX_TASK_ID=run_after_loop
AIRFLOW_CTX_EXECUTION_DATE=2021-12-20T00:00:00+00:00
AIRFLOW_CTX_DAG_RUN_ID=scheduled__2021-12-20T00:00:00+00:00
[2021-12-21 13:49:33,446] {subprocess.py:62} INFO - Tmp dir root location: 
 /tmp
[2021-12-21 13:49:33,447] {subprocess.py:74} INFO - Running command: ['bash', '-c', 'echo 1']
[2021-12-21 13:49:33,456] {subprocess.py:85} INFO - Output:
[2021-12-21 13:49:33,457] {subprocess.py:89} INFO - 1
[2021-12-21 13:49:33,458] {subprocess.py:93} INFO - Command exited with return code 0
[2021-12-21 13:49:33,488] {taskinstance.py:1280} INFO - Marking task as SUCCESS. dag_id=example_bash_operator, task_id=run_after_loop, execution_date=20211220T000000, start_date=20211221T134933, end_date=20211221T134933
[2021-12-21 13:49:33,513] {local_task_job.py:154} INFO - Task exited with return code 0
[2021-12-21 13:49:33,538] {local_task_job.py:264} INFO - 0 downstream tasks scheduled from follow-on schedule check
