[2022-01-11 02:10:00,499] {taskinstance.py:1035} INFO - Dependencies all met for <TaskInstance: verificacao_log.verificacao_log scheduled__2022-01-11T02:00:00+00:00 [queued]>
[2022-01-11 02:10:00,506] {taskinstance.py:1035} INFO - Dependencies all met for <TaskInstance: verificacao_log.verificacao_log scheduled__2022-01-11T02:00:00+00:00 [queued]>
[2022-01-11 02:10:00,506] {taskinstance.py:1241} INFO - 
--------------------------------------------------------------------------------
[2022-01-11 02:10:00,507] {taskinstance.py:1242} INFO - Starting attempt 1 of 1
[2022-01-11 02:10:00,507] {taskinstance.py:1243} INFO - 
--------------------------------------------------------------------------------
[2022-01-11 02:10:00,515] {taskinstance.py:1262} INFO - Executing <Task(PythonOperator): verificacao_log> on 2022-01-11 02:00:00+00:00
[2022-01-11 02:10:00,519] {standard_task_runner.py:52} INFO - Started process 217896 to run task
[2022-01-11 02:10:00,521] {standard_task_runner.py:76} INFO - Running: ['***', 'tasks', 'run', 'verificacao_log', 'verificacao_log', 'scheduled__2022-01-11T02:00:00+00:00', '--job-id', '717', '--raw', '--subdir', 'DAGS_FOLDER/my_dag.py', '--cfg-path', '/tmp/tmp9rp1_sbx', '--error-file', '/tmp/tmp_tygefye']
[2022-01-11 02:10:00,521] {standard_task_runner.py:77} INFO - Job 717: Subtask verificacao_log
[2022-01-11 02:10:00,550] {logging_mixin.py:109} INFO - Running <TaskInstance: verificacao_log.verificacao_log scheduled__2022-01-11T02:00:00+00:00 [running]> on host fa901b562f08
[2022-01-11 02:10:00,586] {taskinstance.py:1429} INFO - Exporting the following env vars:
AIRFLOW_CTX_DAG_OWNER=***
AIRFLOW_CTX_DAG_ID=verificacao_log
AIRFLOW_CTX_TASK_ID=verificacao_log
AIRFLOW_CTX_EXECUTION_DATE=2022-01-11T02:00:00+00:00
AIRFLOW_CTX_DAG_RUN_ID=scheduled__2022-01-11T02:00:00+00:00
[2022-01-11 02:10:00,757] {logging_mixin.py:109} INFO - Data atual:  2022-01-11 02:10:00.757254
[2022-01-11 02:10:00,757] {logging_mixin.py:109} INFO - Dia do ultimo log:  2021/12/10 17:10:14
[2022-01-11 02:10:00,757] {logging_mixin.py:109} INFO - Tempo entre o ultimo log e a data atual:  31 days, 8:59:46.757243
[2022-01-11 02:10:00,757] {logging_mixin.py:109} INFO - INFO   | jvm 4    | 2021/12/10 17:10:14 | [RSFILEMANAGERSERVER] Finalizando importacao lote: DadosSite_03105116_49301_2021121416h55min05seg.zip.rscd. Tempo gasto (ms): 15944
[2022-01-11 02:10:00,757] {logging_mixin.py:109} INFO - 
[2022-01-11 02:10:00,757] {my_dag.py:60} ERROR - tempo entre ultimo log e data atual maior que 10 minutos.
[2022-01-11 02:10:00,757] {python.py:152} INFO - Done. Returned value was: None
[2022-01-11 02:10:00,767] {taskinstance.py:1280} INFO - Marking task as SUCCESS. dag_id=verificacao_log, task_id=verificacao_log, execution_date=20220111T020000, start_date=20220111T021000, end_date=20220111T021000
[2022-01-11 02:10:00,813] {local_task_job.py:154} INFO - Task exited with return code 0
[2022-01-11 02:10:00,839] {local_task_job.py:264} INFO - 0 downstream tasks scheduled from follow-on schedule check
