[2021-12-21 13:49:31,066] {taskinstance.py:1035} INFO - Dependencies all met for <TaskInstance: example_bash_operator.runme_1 scheduled__2021-12-20T00:00:00+00:00 [queued]>
[2021-12-21 13:49:31,080] {taskinstance.py:1035} INFO - Dependencies all met for <TaskInstance: example_bash_operator.runme_1 scheduled__2021-12-20T00:00:00+00:00 [queued]>
[2021-12-21 13:49:31,080] {taskinstance.py:1241} INFO - 
--------------------------------------------------------------------------------
[2021-12-21 13:49:31,081] {taskinstance.py:1242} INFO - Starting attempt 1 of 1
[2021-12-21 13:49:31,081] {taskinstance.py:1243} INFO - 
--------------------------------------------------------------------------------
[2021-12-21 13:49:31,093] {taskinstance.py:1262} INFO - Executing <Task(BashOperator): runme_1> on 2021-12-20 00:00:00+00:00
[2021-12-21 13:49:31,099] {standard_task_runner.py:52} INFO - Started process 303 to run task
[2021-12-21 13:49:31,102] {standard_task_runner.py:76} INFO - Running: ['***', 'tasks', 'run', 'example_bash_operator', 'runme_1', 'scheduled__2021-12-20T00:00:00+00:00', '--job-id', '4', '--raw', '--subdir', '/home/***/.local/lib/python3.7/site-packages/***/example_dags/example_bash_operator.py', '--cfg-path', '/tmp/tmpagibhq_7', '--error-file', '/tmp/tmpp_bhnkzb']
[2021-12-21 13:49:31,103] {standard_task_runner.py:77} INFO - Job 4: Subtask runme_1
[2021-12-21 13:49:31,176] {logging_mixin.py:109} INFO - Running <TaskInstance: example_bash_operator.runme_1 scheduled__2021-12-20T00:00:00+00:00 [running]> on host 371b38751bd1
[2021-12-21 13:49:31,289] {taskinstance.py:1429} INFO - Exporting the following env vars:
AIRFLOW_CTX_DAG_OWNER=***
AIRFLOW_CTX_DAG_ID=example_bash_operator
AIRFLOW_CTX_TASK_ID=runme_1
AIRFLOW_CTX_EXECUTION_DATE=2021-12-20T00:00:00+00:00
AIRFLOW_CTX_DAG_RUN_ID=scheduled__2021-12-20T00:00:00+00:00
[2021-12-21 13:49:31,291] {subprocess.py:62} INFO - Tmp dir root location: 
 /tmp
[2021-12-21 13:49:31,291] {subprocess.py:74} INFO - Running command: ['bash', '-c', 'echo "example_bash_operator__runme_1__20211220" && sleep 1']
[2021-12-21 13:49:31,326] {subprocess.py:85} INFO - Output:
[2021-12-21 13:49:31,327] {subprocess.py:89} INFO - example_bash_operator__runme_1__20211220
[2021-12-21 13:49:32,329] {subprocess.py:93} INFO - Command exited with return code 0
[2021-12-21 13:49:32,347] {taskinstance.py:1280} INFO - Marking task as SUCCESS. dag_id=example_bash_operator, task_id=runme_1, execution_date=20211220T000000, start_date=20211221T134931, end_date=20211221T134932
[2021-12-21 13:49:32,401] {local_task_job.py:154} INFO - Task exited with return code 0
[2021-12-21 13:49:32,431] {local_task_job.py:264} INFO - 0 downstream tasks scheduled from follow-on schedule check
