[2021-12-21 19:33:45,080] {taskinstance.py:1035} INFO - Dependencies all met for <TaskInstance: verificacao_log.verificacao_log scheduled__2021-12-21T14:50:00+00:00 [queued]>
[2021-12-21 19:33:45,090] {taskinstance.py:1035} INFO - Dependencies all met for <TaskInstance: verificacao_log.verificacao_log scheduled__2021-12-21T14:50:00+00:00 [queued]>
[2021-12-21 19:33:45,090] {taskinstance.py:1241} INFO - 
--------------------------------------------------------------------------------
[2021-12-21 19:33:45,090] {taskinstance.py:1242} INFO - Starting attempt 1 of 1
[2021-12-21 19:33:45,091] {taskinstance.py:1243} INFO - 
--------------------------------------------------------------------------------
[2021-12-21 19:33:45,110] {taskinstance.py:1262} INFO - Executing <Task(PythonOperator): verificacao_log> on 2021-12-21 14:50:00+00:00
[2021-12-21 19:33:45,119] {standard_task_runner.py:76} INFO - Running: ['***', 'tasks', 'run', 'verificacao_log', 'verificacao_log', 'scheduled__2021-12-21T14:50:00+00:00', '--job-id', '104', '--raw', '--subdir', 'DAGS_FOLDER/my_dag.py', '--cfg-path', '/tmp/tmp7gvu4zmv', '--error-file', '/tmp/tmpgsswaata']
[2021-12-21 19:33:45,120] {standard_task_runner.py:77} INFO - Job 104: Subtask verificacao_log
[2021-12-21 19:33:45,117] {standard_task_runner.py:52} INFO - Started process 15994 to run task
[2021-12-21 19:33:45,153] {logging_mixin.py:109} INFO - Running <TaskInstance: verificacao_log.verificacao_log scheduled__2021-12-21T14:50:00+00:00 [running]> on host 371b38751bd1
[2021-12-21 19:33:45,194] {taskinstance.py:1429} INFO - Exporting the following env vars:
AIRFLOW_CTX_DAG_OWNER=***
AIRFLOW_CTX_DAG_ID=verificacao_log
AIRFLOW_CTX_TASK_ID=verificacao_log
AIRFLOW_CTX_EXECUTION_DATE=2021-12-21T14:50:00+00:00
AIRFLOW_CTX_DAG_RUN_ID=scheduled__2021-12-21T14:50:00+00:00
[2021-12-21 19:33:45,977] {logging_mixin.py:109} INFO - Data atual:  2021-12-21 19:33:45.977571
[2021-12-21 19:33:45,977] {logging_mixin.py:109} INFO - Dia do ultimo log:  2021/12/14 17:10:14
[2021-12-21 19:33:45,977] {logging_mixin.py:109} INFO - Tempo entre o ultimo log e a data atual:  7 days, 2:23:31.977550
[2021-12-21 19:33:45,977] {logging_mixin.py:109} INFO - INFO   | jvm 4    | 2021/12/14 17:10:14 | [RSFILEMANAGERSERVER] Finalizando importacao lote: DadosSite_03105116_49301_2021121416h55min05seg.zip.rscd. Tempo gasto (ms): 15944
[2021-12-21 19:33:45,977] {logging_mixin.py:109} INFO - 
[2021-12-21 19:33:45,978] {logging_mixin.py:109} INFO - 
[2021-12-21 19:33:45,978] {logging_mixin.py:109} INFO - 
[2021-12-21 19:33:45,978] {logging_mixin.py:109} INFO - Erro, tempo entre ultimo log e data atual maior que:  0:10:00
[2021-12-21 19:33:45,978] {python.py:152} INFO - Done. Returned value was: None
[2021-12-21 19:33:45,990] {taskinstance.py:1280} INFO - Marking task as SUCCESS. dag_id=verificacao_log, task_id=verificacao_log, execution_date=20211221T145000, start_date=20211221T193345, end_date=20211221T193345
[2021-12-21 19:33:46,015] {local_task_job.py:154} INFO - Task exited with return code 0
[2021-12-21 19:33:46,042] {local_task_job.py:264} INFO - 0 downstream tasks scheduled from follow-on schedule check
