[2021-12-21 13:49:31,062] {taskinstance.py:1035} INFO - Dependencies all met for <TaskInstance: example_bash_operator.also_run_this manual__2021-12-21T13:49:28.896832+00:00 [queued]>
[2021-12-21 13:49:31,075] {taskinstance.py:1035} INFO - Dependencies all met for <TaskInstance: example_bash_operator.also_run_this manual__2021-12-21T13:49:28.896832+00:00 [queued]>
[2021-12-21 13:49:31,076] {taskinstance.py:1241} INFO - 
--------------------------------------------------------------------------------
[2021-12-21 13:49:31,076] {taskinstance.py:1242} INFO - Starting attempt 1 of 1
[2021-12-21 13:49:31,076] {taskinstance.py:1243} INFO - 
--------------------------------------------------------------------------------
[2021-12-21 13:49:31,090] {taskinstance.py:1262} INFO - Executing <Task(BashOperator): also_run_this> on 2021-12-21 13:49:28.896832+00:00
[2021-12-21 13:49:31,097] {standard_task_runner.py:52} INFO - Started process 302 to run task
[2021-12-21 13:49:31,100] {standard_task_runner.py:76} INFO - Running: ['***', 'tasks', 'run', 'example_bash_operator', 'also_run_this', 'manual__2021-12-21T13:49:28.896832+00:00', '--job-id', '7', '--raw', '--subdir', '/home/***/.local/lib/python3.7/site-packages/***/example_dags/example_bash_operator.py', '--cfg-path', '/tmp/tmp8p_3481p', '--error-file', '/tmp/tmpcy8_wkav']
[2021-12-21 13:49:31,100] {standard_task_runner.py:77} INFO - Job 7: Subtask also_run_this
[2021-12-21 13:49:31,161] {logging_mixin.py:109} INFO - Running <TaskInstance: example_bash_operator.also_run_this manual__2021-12-21T13:49:28.896832+00:00 [running]> on host 371b38751bd1
[2021-12-21 13:49:31,277] {taskinstance.py:1429} INFO - Exporting the following env vars:
AIRFLOW_CTX_DAG_OWNER=***
AIRFLOW_CTX_DAG_ID=example_bash_operator
AIRFLOW_CTX_TASK_ID=also_run_this
AIRFLOW_CTX_EXECUTION_DATE=2021-12-21T13:49:28.896832+00:00
AIRFLOW_CTX_DAG_RUN_ID=manual__2021-12-21T13:49:28.896832+00:00
[2021-12-21 13:49:31,278] {subprocess.py:62} INFO - Tmp dir root location: 
 /tmp
[2021-12-21 13:49:31,280] {subprocess.py:74} INFO - Running command: ['bash', '-c', 'echo "run_id=manual__2021-12-21T13:49:28.896832+00:00 | dag_run=<DagRun example_bash_operator @ 2021-12-21 13:49:28.896832+00:00: manual__2021-12-21T13:49:28.896832+00:00, externally triggered: True>"']
[2021-12-21 13:49:31,320] {subprocess.py:85} INFO - Output:
[2021-12-21 13:49:31,322] {subprocess.py:89} INFO - run_id=manual__2021-12-21T13:49:28.896832+00:00 | dag_run=<DagRun example_bash_operator @ 2021-12-21 13:49:28.896832+00:00: manual__2021-12-21T13:49:28.896832+00:00, externally triggered: True>
[2021-12-21 13:49:31,323] {subprocess.py:93} INFO - Command exited with return code 0
[2021-12-21 13:49:31,365] {taskinstance.py:1280} INFO - Marking task as SUCCESS. dag_id=example_bash_operator, task_id=also_run_this, execution_date=20211221T134928, start_date=20211221T134931, end_date=20211221T134931
[2021-12-21 13:49:31,435] {local_task_job.py:154} INFO - Task exited with return code 0
[2021-12-21 13:49:31,475] {local_task_job.py:264} INFO - 0 downstream tasks scheduled from follow-on schedule check
